# JRE version: OpenJDK Runtime Environment Temurin-21.0.10+7 (21.0.10+7) (build 21.0.10+7-LTS)
# Java VM: OpenJDK 64-Bit Server VM Temurin-21.0.10+7 (21.0.10+7-LTS, mixed mode, sharing, tiered, compressed oops, compressed class ptrs, parallel gc, windows-amd64)
GC Precious Log:
 CardTable entry size: 512
 CPUs: 4 total, 4 available
 Memory: 12187M
 Large Page Support: Disabled
 NUMA Support: Disabled
 Compressed Oops: Enabled (32-bit)
 Alignments: Space 512K, Generation 512K, Heap 2M
 Heap Min Capacity: 100M
 Heap Initial Capacity: 100M
 Heap Max Capacity: 2G
 Pre-touch: Disabled
 Parallel Workers: 4
Heap:
 PSYoungGen      total 2048K, used 1696K [0x00000000d5580000, 0x00000000d5980000, 0x0000000100000000)
  eden space 1536K, 0% used [0x00000000d5580000,0x00000000d5580038,0x00000000d5700000)
  from space 512K, 70% used [0x00000000d5880000,0x00000000d58da910,0x00000000d5900000)
  to   space 512K, 0% used [0x00000000d5900000,0x00000000d5900000,0x00000000d5980000)
 ParOldGen       total 708608K, used 708311K [0x0000000080000000, 0x00000000ab400000, 0x00000000d5580000)
  object space 708608K, 99% used [0x0000000080000000,0x00000000ab3b5e70,0x00000000ab400000)
 Metaspace       used 91375K, committed 93248K, reserved 1179648K
  class space    used 9418K, committed 10240K, reserved 1048576K
GC Heap History (20 events):
Event: 722.930 GC heap before
{Heap before GC invocations=1290 (full 4):
 PSYoungGen      total 2560K, used 1903K [0x00000000d5580000, 0x00000000d5980000, 0x0000000100000000)
  eden space 1536K, 99% used [0x00000000d5580000,0x00000000d56fffe0,0x00000000d5700000)
  from space 1024K, 35% used [0x00000000d5780000,0x00000000d57dc010,0x00000000d5880000)
  to   space 512K, 0% used [0x00000000d5900000,0x00000000d5900000,0x00000000d5980000)
 ParOldGen       total 700416K, used 699925K [0x0000000080000000, 0x00000000aac00000, 0x00000000d5580000)
  object space 700416K, 99% used [0x0000000080000000,0x00000000aab85608,0x00000000aac00000)
 Metaspace       used 91362K, committed 93248K, reserved 1179648K
  class space    used 9418K, committed 10240K, reserved 1048576K
}
Event: 722.932 GC heap after
{Heap after GC invocations=1290 (full 4):
 PSYoungGen      total 2048K, used 362K [0x00000000d5580000, 0x00000000d5980000, 0x0000000100000000)
  eden space 1536K, 0% used [0x00000000d5580000,0x00000000d5580000,0x00000000d5700000)
  from space 512K, 70% used [0x00000000d5900000,0x00000000d595a910,0x00000000d5980000)
  to   space 512K, 0% used [0x00000000d5880000,0x00000000d5880000,0x00000000d5900000)
 ParOldGen       total 700416K, used 700144K [0x0000000080000000, 0x00000000aac00000, 0x00000000d5580000)
  object space 700416K, 99% used [0x0000000080000000,0x00000000aabbc1d0,0x00000000aac00000)
 Metaspace       used 91362K, committed 93248K, reserved 1179648K
  class space    used 9418K, committed 10240K, reserved 1048576K
}
Event: 722.945 GC heap before
{Heap before GC invocations=1291 (full 4):
 PSYoungGen      total 2048K, used 1898K [0x00000000d5580000, 0x00000000d5980000, 0x0000000100000000)
  eden space 1536K, 100% used [0x00000000d5580000,0x00000000d5700000,0x00000000d5700000)
  from space 512K, 70% used [0x00000000d5900000,0x00000000d595a910,0x00000000d5980000)
  to   space 512K, 0% used [0x00000000d5880000,0x00000000d5880000,0x00000000d5900000)
 ParOldGen       total 700416K, used 700144K [0x0000000080000000, 0x00000000aac00000, 0x00000000d5580000)
  object space 700416K, 99% used [0x0000000080000000,0x00000000aabbc1d0,0x00000000aac00000)
 Metaspace       used 91362K, committed 93248K, reserved 1179648K
  class space    used 9418K, committed 10240K, reserved 1048576K
}
Event: 722.948 GC heap after
{Heap after GC invocations=1291 (full 4):
 PSYoungGen      total 2048K, used 384K [0x00000000d5580000, 0x00000000d5980000, 0x0000000100000000)
  eden space 1536K, 0% used [0x00000000d5580000,0x00000000d5580000,0x00000000d5700000)
  from space 512K, 75% used [0x00000000d5880000,0x00000000d58e0000,0x00000000d5900000)
  to   space 512K, 0% used [0x00000000d5900000,0x00000000d5900000,0x00000000d5980000)
 ParOldGen       total 700928K, used 700476K [0x0000000080000000, 0x00000000aac80000, 0x00000000d5580000)
  object space 700928K, 99% used [0x0000000080000000,0x00000000aac0f3e0,0x00000000aac80000)
 Metaspace       used 91362K, committed 93248K, reserved 1179648K
  class space    used 9418K, committed 10240K, reserved 1048576K
}
Event: 722.984 GC heap before
{Heap before GC invocations=1292 (full 4):
 PSYoungGen      total 2048K, used 1920K [0x00000000d5580000, 0x00000000d5980000, 0x0000000100000000)
  eden space 1536K, 100% used [0x00000000d5580000,0x00000000d5700000,0x00000000d5700000)
  from space 512K, 75% used [0x00000000d5880000,0x00000000d58e0000,0x00000000d5900000)
  to   space 512K, 0% used [0x00000000d5900000,0x00000000d5900000,0x00000000d5980000)
 ParOldGen       total 700928K, used 700476K [0x0000000080000000, 0x00000000aac80000, 0x00000000d5580000)
  object space 700928K, 99% used [0x0000000080000000,0x00000000aac0f3e0,0x00000000aac80000)
 Metaspace       used 91362K, committed 93248K, reserved 1179648K
  class space    used 9418K, committed 10240K, reserved 1048576K
}
Event: 722.988 GC heap after
{Heap after GC invocations=1292 (full 4):
 PSYoungGen      total 2048K, used 512K [0x00000000d5580000, 0x00000000d5980000, 0x0000000100000000)
  eden space 1536K, 0% used [0x00000000d5580000,0x00000000d5580000,0x00000000d5700000)
  from space 512K, 100% used [0x00000000d5900000,0x00000000d5980000,0x00000000d5980000)
  to   space 1024K, 0% used [0x00000000d5780000,0x00000000d5780000,0x00000000d5880000)
 ParOldGen       total 700928K, used 700784K [0x0000000080000000, 0x00000000aac80000, 0x00000000d5580000)
  object space 700928K, 99% used [0x0000000080000000,0x00000000aac5c3f0,0x00000000aac80000)
 Metaspace       used 91362K, committed 93248K, reserved 1179648K
  class space    used 9418K, committed 10240K, reserved 1048576K
}
Event: 722.995 GC heap before
{Heap before GC invocations=1293 (full 4):
 PSYoungGen      total 2048K, used 2048K [0x00000000d5580000, 0x00000000d5980000, 0x0000000100000000)
  eden space 1536K, 100% used [0x00000000d5580000,0x00000000d5700000,0x00000000d5700000)
  from space 512K, 100% used [0x00000000d5900000,0x00000000d5980000,0x00000000d5980000)
  to   space 1024K, 0% used [0x00000000d5780000,0x00000000d5780000,0x00000000d5880000)
 ParOldGen       total 700928K, used 700784K [0x0000000080000000, 0x00000000aac80000, 0x00000000d5580000)
  object space 700928K, 99% used [0x0000000080000000,0x00000000aac5c3f0,0x00000000aac80000)
 Metaspace       used 91363K, committed 93248K, reserved 1179648K
  class space    used 9418K, committed 10240K, reserved 1048576K
}
Event: 723.000 GC heap after
{Heap after GC invocations=1293 (full 4):
 PSYoungGen      total 3072K, used 212K [0x00000000d5580000, 0x00000000d5980000, 0x0000000100000000)
  eden space 2048K, 0% used [0x00000000d5580000,0x00000000d5580000,0x00000000d5780000)
  from space 1024K, 20% used [0x00000000d5780000,0x00000000d57b5200,0x00000000d5880000)
  to   space 512K, 0% used [0x00000000d5900000,0x00000000d5900000,0x00000000d5980000)
 ParOldGen       total 701440K, used 701221K [0x0000000080000000, 0x00000000aad00000, 0x00000000d5580000)
  object space 701440K, 99% used [0x0000000080000000,0x00000000aacc9680,0x00000000aad00000)
 Metaspace       used 91363K, committed 93248K, reserved 1179648K
  class space    used 9418K, committed 10240K, reserved 1048576K
}
Event: 723.024 GC heap before
{Heap before GC invocations=1294 (full 4):
 PSYoungGen      total 3072K, used 2260K [0x00000000d5580000, 0x00000000d5980000, 0x0000000100000000)
  eden space 2048K, 100% used [0x00000000d5580000,0x00000000d5780000,0x00000000d5780000)
  from space 1024K, 20% used [0x00000000d5780000,0x00000000d57b5200,0x00000000d5880000)
  to   space 512K, 0% used [0x00000000d5900000,0x00000000d5900000,0x00000000d5980000)
 ParOldGen       total 701440K, used 701221K [0x0000000080000000, 0x00000000aad00000, 0x00000000d5580000)
  object space 701440K, 99% used [0x0000000080000000,0x00000000aacc9680,0x00000000aad00000)
 Metaspace       used 91363K, committed 93248K, reserved 1179648K
  class space    used 9418K, committed 10240K, reserved 1048576K
}
Event: 723.028 GC heap after
{Heap after GC invocations=1294 (full 4):
 PSYoungGen      total 2048K, used 497K [0x00000000d5580000, 0x00000000d5b80000, 0x0000000100000000)
  eden space 1536K, 0% used [0x00000000d5580000,0x00000000d5580000,0x00000000d5700000)
  from space 512K, 97% used [0x00000000d5900000,0x00000000d597c538,0x00000000d5980000)
  to   space 2048K, 0% used [0x00000000d5700000,0x00000000d5700000,0x00000000d5900000)
 ParOldGen       total 702464K, used 702341K [0x0000000080000000, 0x00000000aae00000, 0x00000000d5580000)
  object space 702464K, 99% used [0x0000000080000000,0x00000000aade16f0,0x00000000aae00000)
 Metaspace       used 91363K, committed 93248K, reserved 1179648K
  class space    used 9418K, committed 10240K, reserved 1048576K
}
Event: 723.040 GC heap before
{Heap before GC invocations=1295 (full 4):
 PSYoungGen      total 2048K, used 2033K [0x00000000d5580000, 0x00000000d5b80000, 0x0000000100000000)
  eden space 1536K, 100% used [0x00000000d5580000,0x00000000d5700000,0x00000000d5700000)
  from space 512K, 97% used [0x00000000d5900000,0x00000000d597c538,0x00000000d5980000)
  to   space 2048K, 0% used [0x00000000d5700000,0x00000000d5700000,0x00000000d5900000)
 ParOldGen       total 703488K, used 703241K [0x0000000080000000, 0x00000000aaf00000, 0x00000000d5580000)
  object space 703488K, 99% used [0x0000000080000000,0x00000000aaec2518,0x00000000aaf00000)
 Metaspace       used 91363K, committed 93248K, reserved 1179648K
  class space    used 9418K, committed 10240K, reserved 1048576K
}
Event: 723.045 GC heap after
{Heap after GC invocations=1295 (full 4):
 PSYoungGen      total 3584K, used 860K [0x00000000d5580000, 0x00000000d5a80000, 0x0000000100000000)
  eden space 1536K, 0% used [0x00000000d5580000,0x00000000d5580000,0x00000000d5700000)
  from space 2048K, 42% used [0x00000000d5700000,0x00000000d57d7280,0x00000000d5900000)
  to   space 1536K, 0% used [0x00000000d5900000,0x00000000d5900000,0x00000000d5a80000)
 ParOldGen       total 704000K, used 703725K [0x0000000080000000, 0x00000000aaf80000, 0x00000000d5580000)
  object space 704000K, 99% used [0x0000000080000000,0x00000000aaf3b628,0x00000000aaf80000)
 Metaspace       used 91363K, committed 93248K, reserved 1179648K
  class space    used 9418K, committed 10240K, reserved 1048576K
}
Event: 723.068 GC heap before
{Heap before GC invocations=1296 (full 4):
 PSYoungGen      total 3584K, used 2368K [0x00000000d5580000, 0x00000000d5a80000, 0x0000000100000000)
  eden space 1536K, 98% used [0x00000000d5580000,0x00000000d56f8f88,0x00000000d5700000)
  from space 2048K, 42% used [0x00000000d5700000,0x00000000d57d7280,0x00000000d5900000)
  to   space 1536K, 0% used [0x00000000d5900000,0x00000000d5900000,0x00000000d5a80000)
 ParOldGen       total 705024K, used 704501K [0x0000000080000000, 0x00000000ab080000, 0x00000000d5580000)
  object space 705024K, 99% used [0x0000000080000000,0x00000000aaffd730,0x00000000ab080000)
 Metaspace       used 91363K, committed 93248K, reserved 1179648K
  class space    used 9418K, committed 10240K, reserved 1048576K
}
Event: 723.071 GC heap after
{Heap after GC invocations=1296 (full 4):
 PSYoungGen      total 3072K, used 1112K [0x00000000d5580000, 0x00000000d5a80000, 0x0000000100000000)
  eden space 1536K, 0% used [0x00000000d5580000,0x00000000d5580000,0x00000000d5700000)
  from space 1536K, 72% used [0x00000000d5900000,0x00000000d5a162c0,0x00000000d5a80000)
  to   space 1536K, 0% used [0x00000000d5780000,0x00000000d5780000,0x00000000d5900000)
 ParOldGen       total 705536K, used 705314K [0x0000000080000000, 0x00000000ab100000, 0x00000000d5580000)
  object space 705536K, 99% used [0x0000000080000000,0x00000000ab0c8920,0x00000000ab100000)
 Metaspace       used 91363K, committed 93248K, reserved 1179648K
  class space    used 9418K, committed 10240K, reserved 1048576K
}
Event: 723.094 GC heap before
{Heap before GC invocations=1297 (full 4):
 PSYoungGen      total 3072K, used 2648K [0x00000000d5580000, 0x00000000d5a80000, 0x0000000100000000)
  eden space 1536K, 100% used [0x00000000d5580000,0x00000000d5700000,0x00000000d5700000)
  from space 1536K, 72% used [0x00000000d5900000,0x00000000d5a162c0,0x00000000d5a80000)
  to   space 1536K, 0% used [0x00000000d5780000,0x00000000d5780000,0x00000000d5900000)
 ParOldGen       total 705536K, used 705314K [0x0000000080000000, 0x00000000ab100000, 0x00000000d5580000)
  object space 705536K, 99% used [0x0000000080000000,0x00000000ab0c8920,0x00000000ab100000)
 Metaspace       used 91363K, committed 93248K, reserved 1179648K
  class space    used 9418K, committed 10240K, reserved 1048576K
}
Event: 723.098 GC heap after
{Heap after GC invocations=1297 (full 4):
 PSYoungGen      total 3072K, used 1197K [0x00000000d5580000, 0x00000000d5a00000, 0x0000000100000000)
  eden space 1536K, 0% used [0x00000000d5580000,0x00000000d5580000,0x00000000d5700000)
  from space 1536K, 77% used [0x00000000d5780000,0x00000000d58ab5b0,0x00000000d5900000)
  to   space 1024K, 0% used [0x00000000d5900000,0x00000000d5900000,0x00000000d5a00000)
 ParOldGen       total 706560K, used 706387K [0x0000000080000000, 0x00000000ab200000, 0x00000000d5580000)
  object space 706560K, 99% used [0x0000000080000000,0x00000000ab1d4fc8,0x00000000ab200000)
 Metaspace       used 91363K, committed 93248K, reserved 1179648K
  class space    used 9418K, committed 10240K, reserved 1048576K
}
Event: 723.115 GC heap before
{Heap before GC invocations=1298 (full 4):
 PSYoungGen      total 3072K, used 2733K [0x00000000d5580000, 0x00000000d5a00000, 0x0000000100000000)
  eden space 1536K, 100% used [0x00000000d5580000,0x00000000d5700000,0x00000000d5700000)
  from space 1536K, 77% used [0x00000000d5780000,0x00000000d58ab5b0,0x00000000d5900000)
  to   space 1024K, 0% used [0x00000000d5900000,0x00000000d5900000,0x00000000d5a00000)
 ParOldGen       total 706560K, used 706387K [0x0000000080000000, 0x00000000ab200000, 0x00000000d5580000)
  object space 706560K, 99% used [0x0000000080000000,0x00000000ab1d4fc8,0x00000000ab200000)
 Metaspace       used 91363K, committed 93248K, reserved 1179648K
  class space    used 9418K, committed 10240K, reserved 1048576K
}
Event: 723.120 GC heap after
{Heap after GC invocations=1298 (full 4):
 PSYoungGen      total 2560K, used 576K [0x00000000d5580000, 0x00000000d5a00000, 0x0000000100000000)
  eden space 1536K, 0% used [0x00000000d5580000,0x00000000d5580000,0x00000000d5700000)
  from space 1024K, 56% used [0x00000000d5900000,0x00000000d5990000,0x00000000d5a00000)
  to   space 1024K, 0% used [0x00000000d5800000,0x00000000d5800000,0x00000000d5900000)
 ParOldGen       total 707584K, used 707498K [0x0000000080000000, 0x00000000ab300000, 0x00000000d5580000)
  object space 707584K, 99% used [0x0000000080000000,0x00000000ab2eaa30,0x00000000ab300000)
 Metaspace       used 91363K, committed 93248K, reserved 1179648K
  class space    used 9418K, committed 10240K, reserved 1048576K
}
Event: 723.293 GC heap before
{Heap before GC invocations=1299 (full 4):
 PSYoungGen      total 2560K, used 2112K [0x00000000d5580000, 0x00000000d5a00000, 0x0000000100000000)
  eden space 1536K, 100% used [0x00000000d5580000,0x00000000d5700000,0x00000000d5700000)
  from space 1024K, 56% used [0x00000000d5900000,0x00000000d5990000,0x00000000d5a00000)
  to   space 1024K, 0% used [0x00000000d5800000,0x00000000d5800000,0x00000000d5900000)
 ParOldGen       total 707584K, used 707498K [0x0000000080000000, 0x00000000ab300000, 0x00000000d5580000)
  object space 707584K, 99% used [0x0000000080000000,0x00000000ab2eaa30,0x00000000ab300000)
 Metaspace       used 91364K, committed 93248K, reserved 1179648K
  class space    used 9418K, committed 10240K, reserved 1048576K
}
Event: 723.296 GC heap after
{Heap after GC invocations=1299 (full 4):
 PSYoungGen      total 2560K, used 320K [0x00000000d5580000, 0x00000000d5980000, 0x0000000100000000)
  eden space 1536K, 0% used [0x00000000d5580000,0x00000000d5580000,0x00000000d5700000)
  from space 1024K, 31% used [0x00000000d5800000,0x00000000d5850000,0x00000000d5900000)
  to   space 512K, 0% used [0x00000000d5900000,0x00000000d5900000,0x00000000d5980000)
 ParOldGen       total 708096K, used 707986K [0x0000000080000000, 0x00000000ab380000, 0x00000000d5580000)
  object space 708096K, 99% used [0x0000000080000000,0x00000000ab364a30,0x00000000ab380000)
 Metaspace       used 91364K, committed 93248K, reserved 1179648K
  class space    used 9418K, committed 10240K, reserved 1048576K
}

