# JRE version: OpenJDK Runtime Environment Temurin-21.0.10+7 (21.0.10+7) (build 21.0.10+7-LTS)
# Java VM: OpenJDK 64-Bit Server VM Temurin-21.0.10+7 (21.0.10+7-LTS, mixed mode, sharing, tiered, compressed oops, compressed class ptrs, parallel gc, windows-amd64)
GC Precious Log:
 CardTable entry size: 512
 CPUs: 4 total, 4 available
 Memory: 12187M
 Large Page Support: Disabled
 NUMA Support: Disabled
 Compressed Oops: Enabled (32-bit)
 Alignments: Space 512K, Generation 512K, Heap 2M
 Heap Min Capacity: 100M
 Heap Initial Capacity: 100M
 Heap Max Capacity: 2G
 Pre-touch: Disabled
 Parallel Workers: 4
Heap:
 PSYoungGen      total 1536K, used 459K [0x00000000d5580000, 0x00000000d5800000, 0x0000000100000000)
  eden space 1024K, 27% used [0x00000000d5580000,0x00000000d55c6e50,0x00000000d5680000)
  from space 512K, 34% used [0x00000000d5680000,0x00000000d56ac010,0x00000000d5700000)
  to   space 512K, 0% used [0x00000000d5780000,0x00000000d5780000,0x00000000d5800000)
 ParOldGen       total 280576K, used 72405K [0x0000000080000000, 0x0000000091200000, 0x00000000d5580000)
  object space 280576K, 25% used [0x0000000080000000,0x00000000846b54b0,0x0000000091200000)
 Metaspace       used 83967K, committed 85696K, reserved 1179648K
  class space    used 8784K, committed 9536K, reserved 1048576K
GC Heap History (20 events):
Event: 235.345 GC heap before
{Heap before GC invocations=466 (full 4):
 PSYoungGen      total 1536K, used 1024K [0x00000000d5580000, 0x00000000d5800000, 0x0000000100000000)
  eden space 1024K, 100% used [0x00000000d5580000,0x00000000d5680000,0x00000000d5680000)
  from space 512K, 0% used [0x00000000d5680000,0x00000000d5680000,0x00000000d5700000)
  to   space 512K, 0% used [0x00000000d5780000,0x00000000d5780000,0x00000000d5800000)
 ParOldGen       total 280576K, used 71826K [0x0000000080000000, 0x0000000091200000, 0x00000000d5580000)
  object space 280576K, 25% used [0x0000000080000000,0x0000000084624ba8,0x0000000091200000)
 Metaspace       used 83151K, committed 84864K, reserved 1179648K
  class space    used 8712K, committed 9472K, reserved 1048576K
}
Event: 235.347 GC heap after
{Heap after GC invocations=466 (full 4):
 PSYoungGen      total 1536K, used 128K [0x00000000d5580000, 0x00000000d5800000, 0x0000000100000000)
  eden space 1024K, 0% used [0x00000000d5580000,0x00000000d5580000,0x00000000d5680000)
  from space 512K, 25% used [0x00000000d5780000,0x00000000d57a0000,0x00000000d5800000)
  to   space 512K, 0% used [0x00000000d5680000,0x00000000d5680000,0x00000000d5700000)
 ParOldGen       total 280576K, used 71826K [0x0000000080000000, 0x0000000091200000, 0x00000000d5580000)
  object space 280576K, 25% used [0x0000000080000000,0x0000000084624ba8,0x0000000091200000)
 Metaspace       used 83151K, committed 84864K, reserved 1179648K
  class space    used 8712K, committed 9472K, reserved 1048576K
}
Event: 235.370 GC heap before
{Heap before GC invocations=467 (full 4):
 PSYoungGen      total 1536K, used 1152K [0x00000000d5580000, 0x00000000d5800000, 0x0000000100000000)
  eden space 1024K, 100% used [0x00000000d5580000,0x00000000d5680000,0x00000000d5680000)
  from space 512K, 25% used [0x00000000d5780000,0x00000000d57a0000,0x00000000d5800000)
  to   space 512K, 0% used [0x00000000d5680000,0x00000000d5680000,0x00000000d5700000)
 ParOldGen       total 280576K, used 71826K [0x0000000080000000, 0x0000000091200000, 0x00000000d5580000)
  object space 280576K, 25% used [0x0000000080000000,0x0000000084624ba8,0x0000000091200000)
 Metaspace       used 83266K, committed 84992K, reserved 1179648K
  class space    used 8716K, committed 9472K, reserved 1048576K
}
Event: 235.372 GC heap after
{Heap after GC invocations=467 (full 4):
 PSYoungGen      total 1536K, used 261K [0x00000000d5580000, 0x00000000d5800000, 0x0000000100000000)
  eden space 1024K, 0% used [0x00000000d5580000,0x00000000d5580000,0x00000000d5680000)
  from space 512K, 50% used [0x00000000d5680000,0x00000000d56c1420,0x00000000d5700000)
  to   space 512K, 0% used [0x00000000d5780000,0x00000000d5780000,0x00000000d5800000)
 ParOldGen       total 280576K, used 71882K [0x0000000080000000, 0x0000000091200000, 0x00000000d5580000)
  object space 280576K, 25% used [0x0000000080000000,0x0000000084632ba8,0x0000000091200000)
 Metaspace       used 83266K, committed 84992K, reserved 1179648K
  class space    used 8716K, committed 9472K, reserved 1048576K
}
Event: 235.398 GC heap before
{Heap before GC invocations=468 (full 4):
 PSYoungGen      total 1536K, used 1285K [0x00000000d5580000, 0x00000000d5800000, 0x0000000100000000)
  eden space 1024K, 100% used [0x00000000d5580000,0x00000000d5680000,0x00000000d5680000)
  from space 512K, 50% used [0x00000000d5680000,0x00000000d56c1420,0x00000000d5700000)
  to   space 512K, 0% used [0x00000000d5780000,0x00000000d5780000,0x00000000d5800000)
 ParOldGen       total 280576K, used 71882K [0x0000000080000000, 0x0000000091200000, 0x00000000d5580000)
  object space 280576K, 25% used [0x0000000080000000,0x0000000084632ba8,0x0000000091200000)
 Metaspace       used 83372K, committed 85120K, reserved 1179648K
  class space    used 8725K, committed 9472K, reserved 1048576K
}
Event: 235.400 GC heap after
{Heap after GC invocations=468 (full 4):
 PSYoungGen      total 1536K, used 192K [0x00000000d5580000, 0x00000000d5800000, 0x0000000100000000)
  eden space 1024K, 0% used [0x00000000d5580000,0x00000000d5580000,0x00000000d5680000)
  from space 512K, 37% used [0x00000000d5780000,0x00000000d57b0000,0x00000000d5800000)
  to   space 512K, 0% used [0x00000000d5680000,0x00000000d5680000,0x00000000d5700000)
 ParOldGen       total 280576K, used 72053K [0x0000000080000000, 0x0000000091200000, 0x00000000d5580000)
  object space 280576K, 25% used [0x0000000080000000,0x000000008465d480,0x0000000091200000)
 Metaspace       used 83372K, committed 85120K, reserved 1179648K
  class space    used 8725K, committed 9472K, reserved 1048576K
}
Event: 235.421 GC heap before
{Heap before GC invocations=469 (full 4):
 PSYoungGen      total 1536K, used 1216K [0x00000000d5580000, 0x00000000d5800000, 0x0000000100000000)
  eden space 1024K, 100% used [0x00000000d5580000,0x00000000d5680000,0x00000000d5680000)
  from space 512K, 37% used [0x00000000d5780000,0x00000000d57b0000,0x00000000d5800000)
  to   space 512K, 0% used [0x00000000d5680000,0x00000000d5680000,0x00000000d5700000)
 ParOldGen       total 280576K, used 72053K [0x0000000080000000, 0x0000000091200000, 0x00000000d5580000)
  object space 280576K, 25% used [0x0000000080000000,0x000000008465d480,0x0000000091200000)
 Metaspace       used 83504K, committed 85184K, reserved 1179648K
  class space    used 8740K, committed 9472K, reserved 1048576K
}
Event: 235.422 GC heap after
{Heap after GC invocations=469 (full 4):
 PSYoungGen      total 1536K, used 128K [0x00000000d5580000, 0x00000000d5800000, 0x0000000100000000)
  eden space 1024K, 0% used [0x00000000d5580000,0x00000000d5580000,0x00000000d5680000)
  from space 512K, 25% used [0x00000000d5680000,0x00000000d56a0000,0x00000000d5700000)
  to   space 512K, 0% used [0x00000000d5780000,0x00000000d5780000,0x00000000d5800000)
 ParOldGen       total 280576K, used 72133K [0x0000000080000000, 0x0000000091200000, 0x00000000d5580000)
  object space 280576K, 25% used [0x0000000080000000,0x00000000846714a0,0x0000000091200000)
 Metaspace       used 83504K, committed 85184K, reserved 1179648K
  class space    used 8740K, committed 9472K, reserved 1048576K
}
Event: 235.447 GC heap before
{Heap before GC invocations=470 (full 4):
 PSYoungGen      total 1536K, used 1146K [0x00000000d5580000, 0x00000000d5800000, 0x0000000100000000)
  eden space 1024K, 99% used [0x00000000d5580000,0x00000000d567e950,0x00000000d5680000)
  from space 512K, 25% used [0x00000000d5680000,0x00000000d56a0000,0x00000000d5700000)
  to   space 512K, 0% used [0x00000000d5780000,0x00000000d5780000,0x00000000d5800000)
 ParOldGen       total 280576K, used 72133K [0x0000000080000000, 0x0000000091200000, 0x00000000d5580000)
  object space 280576K, 25% used [0x0000000080000000,0x00000000846714a0,0x0000000091200000)
 Metaspace       used 83545K, committed 85248K, reserved 1179648K
  class space    used 8745K, committed 9472K, reserved 1048576K
}
Event: 235.448 GC heap after
{Heap after GC invocations=470 (full 4):
 PSYoungGen      total 1536K, used 192K [0x00000000d5580000, 0x00000000d5800000, 0x0000000100000000)
  eden space 1024K, 0% used [0x00000000d5580000,0x00000000d5580000,0x00000000d5680000)
  from space 512K, 37% used [0x00000000d5780000,0x00000000d57b0000,0x00000000d5800000)
  to   space 512K, 0% used [0x00000000d5680000,0x00000000d5680000,0x00000000d5700000)
 ParOldGen       total 280576K, used 72157K [0x0000000080000000, 0x0000000091200000, 0x00000000d5580000)
  object space 280576K, 25% used [0x0000000080000000,0x00000000846774a0,0x0000000091200000)
 Metaspace       used 83545K, committed 85248K, reserved 1179648K
  class space    used 8745K, committed 9472K, reserved 1048576K
}
Event: 235.542 GC heap before
{Heap before GC invocations=471 (full 4):
 PSYoungGen      total 1536K, used 1216K [0x00000000d5580000, 0x00000000d5800000, 0x0000000100000000)
  eden space 1024K, 100% used [0x00000000d5580000,0x00000000d5680000,0x00000000d5680000)
  from space 512K, 37% used [0x00000000d5780000,0x00000000d57b0000,0x00000000d5800000)
  to   space 512K, 0% used [0x00000000d5680000,0x00000000d5680000,0x00000000d5700000)
 ParOldGen       total 280576K, used 72157K [0x0000000080000000, 0x0000000091200000, 0x00000000d5580000)
  object space 280576K, 25% used [0x0000000080000000,0x00000000846774a0,0x0000000091200000)
 Metaspace       used 83587K, committed 85312K, reserved 1179648K
  class space    used 8748K, committed 9472K, reserved 1048576K
}
Event: 235.544 GC heap after
{Heap after GC invocations=471 (full 4):
 PSYoungGen      total 1536K, used 96K [0x00000000d5580000, 0x00000000d5800000, 0x0000000100000000)
  eden space 1024K, 0% used [0x00000000d5580000,0x00000000d5580000,0x00000000d5680000)
  from space 512K, 18% used [0x00000000d5680000,0x00000000d5698000,0x00000000d5700000)
  to   space 512K, 0% used [0x00000000d5780000,0x00000000d5780000,0x00000000d5800000)
 ParOldGen       total 280576K, used 72213K [0x0000000080000000, 0x0000000091200000, 0x00000000d5580000)
  object space 280576K, 25% used [0x0000000080000000,0x00000000846854b0,0x0000000091200000)
 Metaspace       used 83587K, committed 85312K, reserved 1179648K
  class space    used 8748K, committed 9472K, reserved 1048576K
}
Event: 315.285 GC heap before
{Heap before GC invocations=472 (full 4):
 PSYoungGen      total 1536K, used 1119K [0x00000000d5580000, 0x00000000d5800000, 0x0000000100000000)
  eden space 1024K, 99% used [0x00000000d5580000,0x00000000d567fff0,0x00000000d5680000)
  from space 512K, 18% used [0x00000000d5680000,0x00000000d5698000,0x00000000d5700000)
  to   space 512K, 0% used [0x00000000d5780000,0x00000000d5780000,0x00000000d5800000)
 ParOldGen       total 280576K, used 72213K [0x0000000080000000, 0x0000000091200000, 0x00000000d5580000)
  object space 280576K, 25% used [0x0000000080000000,0x00000000846854b0,0x0000000091200000)
 Metaspace       used 83624K, committed 85376K, reserved 1179648K
  class space    used 8751K, committed 9536K, reserved 1048576K
}
Event: 315.286 GC heap after
{Heap after GC invocations=472 (full 4):
 PSYoungGen      total 1536K, used 128K [0x00000000d5580000, 0x00000000d5800000, 0x0000000100000000)
  eden space 1024K, 0% used [0x00000000d5580000,0x00000000d5580000,0x00000000d5680000)
  from space 512K, 25% used [0x00000000d5780000,0x00000000d57a0000,0x00000000d5800000)
  to   space 512K, 0% used [0x00000000d5680000,0x00000000d5680000,0x00000000d5700000)
 ParOldGen       total 280576K, used 72253K [0x0000000080000000, 0x0000000091200000, 0x00000000d5580000)
  object space 280576K, 25% used [0x0000000080000000,0x000000008468f4b0,0x0000000091200000)
 Metaspace       used 83624K, committed 85376K, reserved 1179648K
  class space    used 8751K, committed 9536K, reserved 1048576K
}
Event: 522.321 GC heap before
{Heap before GC invocations=473 (full 4):
 PSYoungGen      total 1536K, used 1151K [0x00000000d5580000, 0x00000000d5800000, 0x0000000100000000)
  eden space 1024K, 99% used [0x00000000d5580000,0x00000000d567ff80,0x00000000d5680000)
  from space 512K, 25% used [0x00000000d5780000,0x00000000d57a0000,0x00000000d5800000)
  to   space 512K, 0% used [0x00000000d5680000,0x00000000d5680000,0x00000000d5700000)
 ParOldGen       total 280576K, used 72253K [0x0000000080000000, 0x0000000091200000, 0x00000000d5580000)
  object space 280576K, 25% used [0x0000000080000000,0x000000008468f4b0,0x0000000091200000)
 Metaspace       used 83758K, committed 85504K, reserved 1179648K
  class space    used 8767K, committed 9536K, reserved 1048576K
}
Event: 522.323 GC heap after
{Heap after GC invocations=473 (full 4):
 PSYoungGen      total 1536K, used 128K [0x00000000d5580000, 0x00000000d5800000, 0x0000000100000000)
  eden space 1024K, 0% used [0x00000000d5580000,0x00000000d5580000,0x00000000d5680000)
  from space 512K, 25% used [0x00000000d5680000,0x00000000d56a0000,0x00000000d5700000)
  to   space 512K, 0% used [0x00000000d5780000,0x00000000d5780000,0x00000000d5800000)
 ParOldGen       total 280576K, used 72277K [0x0000000080000000, 0x0000000091200000, 0x00000000d5580000)
  object space 280576K, 25% used [0x0000000080000000,0x00000000846954b0,0x0000000091200000)
 Metaspace       used 83758K, committed 85504K, reserved 1179648K
  class space    used 8767K, committed 9536K, reserved 1048576K
}
Event: 522.516 GC heap before
{Heap before GC invocations=474 (full 4):
 PSYoungGen      total 1536K, used 1152K [0x00000000d5580000, 0x00000000d5800000, 0x0000000100000000)
  eden space 1024K, 100% used [0x00000000d5580000,0x00000000d5680000,0x00000000d5680000)
  from space 512K, 25% used [0x00000000d5680000,0x00000000d56a0000,0x00000000d5700000)
  to   space 512K, 0% used [0x00000000d5780000,0x00000000d5780000,0x00000000d5800000)
 ParOldGen       total 280576K, used 72277K [0x0000000080000000, 0x0000000091200000, 0x00000000d5580000)
  object space 280576K, 25% used [0x0000000080000000,0x00000000846954b0,0x0000000091200000)
 Metaspace       used 83907K, committed 85696K, reserved 1179648K
  class space    used 8781K, committed 9536K, reserved 1048576K
}
Event: 522.517 GC heap after
{Heap after GC invocations=474 (full 4):
 PSYoungGen      total 1536K, used 128K [0x00000000d5580000, 0x00000000d5800000, 0x0000000100000000)
  eden space 1024K, 0% used [0x00000000d5580000,0x00000000d5580000,0x00000000d5680000)
  from space 512K, 25% used [0x00000000d5780000,0x00000000d57a0000,0x00000000d5800000)
  to   space 512K, 0% used [0x00000000d5680000,0x00000000d5680000,0x00000000d5700000)
 ParOldGen       total 280576K, used 72317K [0x0000000080000000, 0x0000000091200000, 0x00000000d5580000)
  object space 280576K, 25% used [0x0000000080000000,0x000000008469f4b0,0x0000000091200000)
 Metaspace       used 83907K, committed 85696K, reserved 1179648K
  class space    used 8781K, committed 9536K, reserved 1048576K
}
Event: 522.547 GC heap before
{Heap before GC invocations=475 (full 4):
 PSYoungGen      total 1536K, used 1150K [0x00000000d5580000, 0x00000000d5800000, 0x0000000100000000)
  eden space 1024K, 99% used [0x00000000d5580000,0x00000000d567fb80,0x00000000d5680000)
  from space 512K, 25% used [0x00000000d5780000,0x00000000d57a0000,0x00000000d5800000)
  to   space 512K, 0% used [0x00000000d5680000,0x00000000d5680000,0x00000000d5700000)
 ParOldGen       total 280576K, used 72317K [0x0000000080000000, 0x0000000091200000, 0x00000000d5580000)
  object space 280576K, 25% used [0x0000000080000000,0x000000008469f4b0,0x0000000091200000)
 Metaspace       used 83965K, committed 85696K, reserved 1179648K
  class space    used 8784K, committed 9536K, reserved 1048576K
}
Event: 522.548 GC heap after
{Heap after GC invocations=475 (full 4):
 PSYoungGen      total 1536K, used 176K [0x00000000d5580000, 0x00000000d5800000, 0x0000000100000000)
  eden space 1024K, 0% used [0x00000000d5580000,0x00000000d5580000,0x00000000d5680000)
  from space 512K, 34% used [0x00000000d5680000,0x00000000d56ac010,0x00000000d5700000)
  to   space 512K, 0% used [0x00000000d5780000,0x00000000d5780000,0x00000000d5800000)
 ParOldGen       total 280576K, used 72405K [0x0000000080000000, 0x0000000091200000, 0x00000000d5580000)
  object space 280576K, 25% used [0x0000000080000000,0x00000000846b54b0,0x0000000091200000)
 Metaspace       used 83965K, committed 85696K, reserved 1179648K
  class space    used 8784K, committed 9536K, reserved 1048576K
}

